[36m20-09-24 22:27:25[0;39m [35m INFO[0;39m [33m[  restartedMain][0;39m [32m19724[0;39m [35m                                                 -[0;39m [34m[0;39m [      com.example.board.BoardApplication:55] - Starting BoardApplication on AL01578999 with PID 19724 (C:\Users\NHN\Documents\board\target\classes started by NHN in C:\Users\NHN\Documents\board)
[36m20-09-24 22:27:25[0;39m [35m INFO[0;39m [33m[  restartedMain][0;39m [32m19724[0;39m [35m                                                 -[0;39m [34m[0;39m [      com.example.board.BoardApplication:655] - The following profiles are active: oauth,local
[36m20-09-24 22:27:25[0;39m [35m INFO[0;39m [33m[  restartedMain][0;39m [32m19724[0;39m [35m                                                 -[0;39m [34m[0;39m [.e.DevToolsPropertyDefaultsPostProcessor:225] - Devtools property defaults active! Set 'spring.devtools.add-properties' to 'false' to disable
[36m20-09-24 22:27:25[0;39m [35m INFO[0;39m [33m[  restartedMain][0;39m [32m19724[0;39m [35m                                                 -[0;39m [34m[0;39m [.e.DevToolsPropertyDefaultsPostProcessor:225] - For additional web related logging consider setting the 'logging.level.web' property to 'DEBUG'
[36m20-09-24 22:27:26[0;39m [35m INFO[0;39m [33m[  restartedMain][0;39m [32m19724[0;39m [35m                                                 -[0;39m [34m[0;39m [.s.d.r.c.RepositoryConfigurationDelegate:127] - Bootstrapping Spring Data JPA repositories in DEFERRED mode.
[36m20-09-24 22:27:26[0;39m [35m INFO[0;39m [33m[  restartedMain][0;39m [32m19724[0;39m [35m                                                 -[0;39m [34m[0;39m [.s.d.r.c.RepositoryConfigurationDelegate:187] - Finished Spring Data repository scanning in 48ms. Found 2 JPA repository interfaces.
[36m20-09-24 22:27:26[0;39m [35m INFO[0;39m [33m[  restartedMain][0;39m [32m19724[0;39m [35m                                                 -[0;39m [34m[0;39m [ o.s.b.w.embedded.tomcat.TomcatWebServer:108] - Tomcat initialized with port(s): 8060 (http)
[36m20-09-24 22:27:26[0;39m [35m INFO[0;39m [33m[  restartedMain][0;39m [32m19724[0;39m [35m                                                 -[0;39m [34m[0;39m [     o.a.coyote.http11.Http11NioProtocol:173] - Initializing ProtocolHandler ["http-nio-8060"]
[36m20-09-24 22:27:26[0;39m [35m INFO[0;39m [33m[  restartedMain][0;39m [32m19724[0;39m [35m                                                 -[0;39m [34m[0;39m [  o.apache.catalina.core.StandardService:173] - Starting service [Tomcat]
[36m20-09-24 22:27:26[0;39m [35m INFO[0;39m [33m[  restartedMain][0;39m [32m19724[0;39m [35m                                                 -[0;39m [34m[0;39m [ org.apache.catalina.core.StandardEngine:173] - Starting Servlet engine: [Apache Tomcat/9.0.37]
[36m20-09-24 22:27:27[0;39m [35m INFO[0;39m [33m[  restartedMain][0;39m [32m19724[0;39m [35m                                                 -[0;39m [34m[0;39m [      o.a.c.c.C.[Tomcat].[localhost].[/]:173] - Initializing Spring embedded WebApplicationContext
[36m20-09-24 22:27:27[0;39m [35m INFO[0;39m [33m[  restartedMain][0;39m [32m19724[0;39m [35m                                                 -[0;39m [34m[0;39m [w.s.c.ServletWebServerApplicationContext:285] - Root WebApplicationContext: initialization completed in 1367 ms
[36m20-09-24 22:27:27[0;39m [35m INFO[0;39m [33m[  restartedMain][0;39m [32m19724[0;39m [35m                                                 -[0;39m [34m[0;39m [      com.zaxxer.hikari.HikariDataSource:110] - HikariPool-1 - Starting...
[36m20-09-24 22:27:27[0;39m [35m INFO[0;39m [33m[  restartedMain][0;39m [32m19724[0;39m [35m                                                 -[0;39m [34m[0;39m [      com.zaxxer.hikari.HikariDataSource:123] - HikariPool-1 - Start completed.
[36m20-09-24 22:27:27[0;39m [35m INFO[0;39m [33m[  restartedMain][0;39m [32m19724[0;39m [35m                                                 -[0;39m [34m[0;39m [   o.s.b.a.h2.H2ConsoleAutoConfiguration:74] - H2 console available at '/h2-console'. Database available at 'jdbc:h2:mem:b1f2133d-9ddd-465f-b402-35b01f03c9d6'
[36m20-09-24 22:27:27[0;39m [35m INFO[0;39m [33m[  restartedMain][0;39m [32m19724[0;39m [35m                                                 -[0;39m [34m[0;39m [ o.s.s.concurrent.ThreadPoolTaskExecutor:181] - Initializing ExecutorService 'applicationTaskExecutor'
[36m20-09-24 22:27:27[0;39m [35m INFO[0;39m [33m[         task-1][0;39m [32m19724[0;39m [35m                                                 -[0;39m [34m[0;39m [ o.hibernate.jpa.internal.util.LogHelper:31] - HHH000204: Processing PersistenceUnitInfo [name: default]
[36m20-09-24 22:27:27[0;39m [35m INFO[0;39m [33m[         task-1][0;39m [32m19724[0;39m [35m                                                 -[0;39m [34m[0;39m [                   org.hibernate.Version:44] - HHH000412: Hibernate ORM core version 5.4.20.Final
[36m20-09-24 22:27:27[0;39m [35m INFO[0;39m [33m[         task-1][0;39m [32m19724[0;39m [35m                                                 -[0;39m [34m[0;39m [  o.hibernate.annotations.common.Version:49] - HCANN000001: Hibernate Commons Annotations {5.1.0.Final}
[36m20-09-24 22:27:27[0;39m [35m INFO[0;39m [33m[         task-1][0;39m [32m19724[0;39m [35m                                                 -[0;39m [34m[0;39m [           org.hibernate.dialect.Dialect:170] - HHH000400: Using dialect: org.hibernate.dialect.H2Dialect
[36m20-09-24 22:27:28[0;39m [35m INFO[0;39m [33m[         task-1][0;39m [32m19724[0;39m [35m                                                 -[0;39m [34m[0;39m [      o.h.e.t.j.p.i.JtaPlatformInitiator:52] - HHH000490: Using JtaPlatform implementation: [org.hibernate.engine.transaction.jta.platform.internal.NoJtaPlatform]
[36m20-09-24 22:27:28[0;39m [35m INFO[0;39m [33m[         task-1][0;39m [32m19724[0;39m [35m                                                 -[0;39m [34m[0;39m [j.LocalContainerEntityManagerFactoryBean:416] - Initialized JPA EntityManagerFactory for persistence unit 'default'
[36m20-09-24 22:27:28[0;39m [35m INFO[0;39m [33m[         task-2][0;39m [32m19724[0;39m [35m                                                 -[0;39m [34m[0;39m [      o.s.b.d.a.OptionalLiveReloadServer:58] - LiveReload server is running on port 35729
[36m20-09-24 22:27:28[0;39m [35m INFO[0;39m [33m[  restartedMain][0;39m [32m19724[0;39m [35m                                                 -[0;39m [34m[0;39m [    o.s.s.web.DefaultSecurityFilterChain:43] - Creating filter chain: any request, [org.springframework.security.web.context.request.async.WebAsyncManagerIntegrationFilter@f32346, org.springframework.security.web.context.SecurityContextPersistenceFilter@c2621e, org.springframework.security.web.header.HeaderWriterFilter@182f7d, org.springframework.security.web.authentication.logout.LogoutFilter@178a106, org.springframework.security.oauth2.client.web.OAuth2AuthorizationRequestRedirectFilter@1a1bb4d, org.springframework.security.oauth2.client.web.OAuth2LoginAuthenticationFilter@1123cc8, org.springframework.security.web.authentication.ui.DefaultLoginPageGeneratingFilter@f528c2, org.springframework.security.web.authentication.ui.DefaultLogoutPageGeneratingFilter@4cda69, org.springframework.security.web.savedrequest.RequestCacheAwareFilter@f2be0b, org.springframework.security.web.servletapi.SecurityContextHolderAwareRequestFilter@cb098a, org.springframework.security.web.authentication.AnonymousAuthenticationFilter@720231, org.springframework.security.web.session.SessionManagementFilter@dd3a2b, org.springframework.security.web.access.ExceptionTranslationFilter@175f3eb, org.springframework.security.web.access.intercept.FilterSecurityInterceptor@1fd03b0]
[36m20-09-24 22:27:28[0;39m [35m INFO[0;39m [33m[  restartedMain][0;39m [32m19724[0;39m [35m                                                 -[0;39m [34m[0;39m [   o.s.b.a.w.s.WelcomePageHandlerMapping:58] - Adding welcome page template: index
[36m20-09-24 22:27:28[0;39m [35m INFO[0;39m [33m[  restartedMain][0;39m [32m19724[0;39m [35m                                                 -[0;39m [34m[0;39m [     o.a.coyote.http11.Http11NioProtocol:173] - Starting ProtocolHandler ["http-nio-8060"]
[36m20-09-24 22:27:28[0;39m [35m INFO[0;39m [33m[  restartedMain][0;39m [32m19724[0;39m [35m                                                 -[0;39m [34m[0;39m [ o.s.b.w.embedded.tomcat.TomcatWebServer:220] - Tomcat started on port(s): 8060 (http) with context path ''
[36m20-09-24 22:27:28[0;39m [35m INFO[0;39m [33m[  restartedMain][0;39m [32m19724[0;39m [35m                                                 -[0;39m [34m[0;39m [DeferredRepositoryInitializationListener:49] - Triggering deferred initialization of Spring Data repositories…
[36m20-09-24 22:27:28[0;39m [35m INFO[0;39m [33m[  restartedMain][0;39m [32m19724[0;39m [35m                                                 -[0;39m [34m[0;39m [DeferredRepositoryInitializationListener:53] - Spring Data repositories initialized!
[36m20-09-24 22:27:28[0;39m [35m INFO[0;39m [33m[  restartedMain][0;39m [32m19724[0;39m [35m                                                 -[0;39m [34m[0;39m [s.a.ScheduledAnnotationBeanPostProcessor:309] - No TaskScheduler/ScheduledExecutorService bean found for scheduled processing
[36m20-09-24 22:27:28[0;39m [35m INFO[0;39m [33m[  restartedMain][0;39m [32m19724[0;39m [35m                                                 -[0;39m [34m[0;39m [      com.example.board.BoardApplication:61] - Started BoardApplication in 3.693 seconds (JVM running for 5.645)
[36m20-09-24 22:27:34[0;39m [35m INFO[0;39m [33m[nio-8060-exec-1][0;39m [32m19724[0;39m [35m                                                 -[0;39m [34m[0;39m [      o.a.c.c.C.[Tomcat].[localhost].[/]:173] - Initializing Spring DispatcherServlet 'dispatcherServlet'
[36m20-09-24 22:27:34[0;39m [35m INFO[0;39m [33m[nio-8060-exec-1][0;39m [32m19724[0;39m [35m                                                 -[0;39m [34m[0;39m [       o.s.web.servlet.DispatcherServlet:525] - Initializing Servlet 'dispatcherServlet'
[36m20-09-24 22:27:34[0;39m [35m INFO[0;39m [33m[nio-8060-exec-1][0;39m [32m19724[0;39m [35m                                                 -[0;39m [34m[0;39m [       o.s.web.servlet.DispatcherServlet:547] - Completed initialization in 4 ms
[36m20-09-24 22:27:34[0;39m [35m INFO[0;39m [33m[nio-8060-exec-1][0;39m [32m19724[0;39m [35m                                                 -[0;39m [34m[0;39m [    com.example.board.ProxyRequestFilter:33] - RequestId is Empty. generate new RequestId(OTY2ZDU5ZDItM2IwYi00NDBjLTk5ZGUtYzliOTBiOGMzMDQ0.G)
[36m20-09-24 22:27:34[0;39m [35m INFO[0;39m [33m[nio-8060-exec-1][0;39m [32m19724[0;39m [35m                                                 -[0;39m [34m[0;39m [    com.example.board.ProxyRequestFilter:35] - Put requestId(MDC) : OTY2ZDU5ZDItM2IwYi00NDBjLTk5ZGUtYzliOTBiOGMzMDQ0.G
[36m20-09-24 22:27:34[0;39m [35m INFO[0;39m [33m[nio-8060-exec-1][0;39m [32m19724[0;39m [35mOTY2ZDU5ZDItM2IwYi00NDBjLTk5ZGUtYzliOTBiOGMzMDQ0.G[0;39m [34mGET[0;39m [           com.example.board.Interceptor:18] - hoho : null
[36m20-09-24 22:27:34[0;39m [35m INFO[0;39m [33m[nio-8060-exec-2][0;39m [32m19724[0;39m [35m                                                 -[0;39m [34m[0;39m [    com.example.board.ProxyRequestFilter:33] - RequestId is Empty. generate new RequestId(OTE1MjFjNDEtNzcxNS00NDBmLWI1YTEtMDdiMDMxNzRiYTk4.G)
[36m20-09-24 22:27:34[0;39m [35m INFO[0;39m [33m[nio-8060-exec-2][0;39m [32m19724[0;39m [35m                                                 -[0;39m [34m[0;39m [    com.example.board.ProxyRequestFilter:35] - Put requestId(MDC) : OTE1MjFjNDEtNzcxNS00NDBmLWI1YTEtMDdiMDMxNzRiYTk4.G
[36m20-09-24 22:27:34[0;39m [35m INFO[0;39m [33m[nio-8060-exec-2][0;39m [32m19724[0;39m [35mOTE1MjFjNDEtNzcxNS00NDBmLWI1YTEtMDdiMDMxNzRiYTk4.G[0;39m [34mGET[0;39m [           com.example.board.Interceptor:18] - hoho : null
[36m20-09-24 22:27:39[0;39m [35m INFO[0;39m [33m[nio-8060-exec-4][0;39m [32m19724[0;39m [35m                                                 -[0;39m [34m[0;39m [    com.example.board.ProxyRequestFilter:33] - RequestId is Empty. generate new RequestId(N2Y5NmNkMDgtODdlOS00MWY4LTg0ZjEtODc3NGJhOTkzOTU5.G)
[36m20-09-24 22:27:39[0;39m [35m INFO[0;39m [33m[nio-8060-exec-4][0;39m [32m19724[0;39m [35m                                                 -[0;39m [34m[0;39m [    com.example.board.ProxyRequestFilter:35] - Put requestId(MDC) : N2Y5NmNkMDgtODdlOS00MWY4LTg0ZjEtODc3NGJhOTkzOTU5.G
[36m20-09-24 22:27:39[0;39m [35m INFO[0;39m [33m[nio-8060-exec-4][0;39m [32m19724[0;39m [35mN2Y5NmNkMDgtODdlOS00MWY4LTg0ZjEtODc3NGJhOTkzOTU5.G[0;39m [34mGET[0;39m [           com.example.board.Interceptor:18] - hoho : null
[36m20-09-24 22:27:39[0;39m [35m INFO[0;39m [33m[nio-8060-exec-5][0;39m [32m19724[0;39m [35m                                                 -[0;39m [34m[0;39m [    com.example.board.ProxyRequestFilter:33] - RequestId is Empty. generate new RequestId(NTJjMjBmMjYtZTNkYi00N2U3LWE4YzgtZTg1YTA4MWI2ZTdk.G)
[36m20-09-24 22:27:39[0;39m [35m INFO[0;39m [33m[nio-8060-exec-5][0;39m [32m19724[0;39m [35m                                                 -[0;39m [34m[0;39m [    com.example.board.ProxyRequestFilter:35] - Put requestId(MDC) : NTJjMjBmMjYtZTNkYi00N2U3LWE4YzgtZTg1YTA4MWI2ZTdk.G
[36m20-09-24 22:27:39[0;39m [35m INFO[0;39m [33m[nio-8060-exec-5][0;39m [32m19724[0;39m [35mNTJjMjBmMjYtZTNkYi00N2U3LWE4YzgtZTg1YTA4MWI2ZTdk.G[0;39m [34mGET[0;39m [           com.example.board.Interceptor:18] - hoho : null
[36m20-09-24 22:27:41[0;39m [35m INFO[0;39m [33m[nio-8060-exec-8][0;39m [32m19724[0;39m [35m                                                 -[0;39m [34m[0;39m [    com.example.board.ProxyRequestFilter:33] - RequestId is Empty. generate new RequestId(MmY3NWE2YjgtZDRhMC00NWNjLThhMmEtYzg4ZWFiNGUwYzQx.G)
[36m20-09-24 22:27:41[0;39m [35m INFO[0;39m [33m[nio-8060-exec-8][0;39m [32m19724[0;39m [35m                                                 -[0;39m [34m[0;39m [    com.example.board.ProxyRequestFilter:35] - Put requestId(MDC) : MmY3NWE2YjgtZDRhMC00NWNjLThhMmEtYzg4ZWFiNGUwYzQx.G
[36m20-09-24 22:27:41[0;39m [35m INFO[0;39m [33m[nio-8060-exec-8][0;39m [32m19724[0;39m [35mMmY3NWE2YjgtZDRhMC00NWNjLThhMmEtYzg4ZWFiNGUwYzQx.G[0;39m [34mGET[0;39m [           com.example.board.Interceptor:18] - hoho : null
[36m20-09-24 22:27:41[0;39m [35m INFO[0;39m [33m[nio-8060-exec-9][0;39m [32m19724[0;39m [35m                                                 -[0;39m [34m[0;39m [    com.example.board.ProxyRequestFilter:33] - RequestId is Empty. generate new RequestId(OWRkYzU0OWMtYmUyOS00ZTFkLTg4NzMtMDg4ZWY1MDI5Mjk4.G)
[36m20-09-24 22:27:41[0;39m [35m INFO[0;39m [33m[nio-8060-exec-9][0;39m [32m19724[0;39m [35m                                                 -[0;39m [34m[0;39m [    com.example.board.ProxyRequestFilter:35] - Put requestId(MDC) : OWRkYzU0OWMtYmUyOS00ZTFkLTg4NzMtMDg4ZWY1MDI5Mjk4.G
[36m20-09-24 22:27:41[0;39m [35m INFO[0;39m [33m[nio-8060-exec-9][0;39m [32m19724[0;39m [35mOWRkYzU0OWMtYmUyOS00ZTFkLTg4NzMtMDg4ZWY1MDI5Mjk4.G[0;39m [34mGET[0;39m [           com.example.board.Interceptor:18] - hoho : null
[36m20-09-24 22:27:44[0;39m [35m INFO[0;39m [33m[io-8060-exec-10][0;39m [32m19724[0;39m [35m                                                 -[0;39m [34m[0;39m [    com.example.board.ProxyRequestFilter:33] - RequestId is Empty. generate new RequestId(ODVjNzhlMTEtMDI2Yi00NjIwLWI4ZGMtNDNjMGExYzQwZDJm.G)
[36m20-09-24 22:27:44[0;39m [35m INFO[0;39m [33m[io-8060-exec-10][0;39m [32m19724[0;39m [35m                                                 -[0;39m [34m[0;39m [    com.example.board.ProxyRequestFilter:35] - Put requestId(MDC) : ODVjNzhlMTEtMDI2Yi00NjIwLWI4ZGMtNDNjMGExYzQwZDJm.G
[36m20-09-24 22:27:44[0;39m [35m INFO[0;39m [33m[io-8060-exec-10][0;39m [32m19724[0;39m [35mODVjNzhlMTEtMDI2Yi00NjIwLWI4ZGMtNDNjMGExYzQwZDJm.G[0;39m [34mGET[0;39m [           com.example.board.Interceptor:18] - hoho : null
[36m20-09-24 22:27:44[0;39m [35m INFO[0;39m [33m[nio-8060-exec-1][0;39m [32m19724[0;39m [35m                                                 -[0;39m [34m[0;39m [    com.example.board.ProxyRequestFilter:33] - RequestId is Empty. generate new RequestId(OWQxNzA0YTUtMzFlZC00NzI2LWEyZGUtMTQwMmYwZThmNzFl.G)
[36m20-09-24 22:27:44[0;39m [35m INFO[0;39m [33m[nio-8060-exec-1][0;39m [32m19724[0;39m [35m                                                 -[0;39m [34m[0;39m [    com.example.board.ProxyRequestFilter:35] - Put requestId(MDC) : OWQxNzA0YTUtMzFlZC00NzI2LWEyZGUtMTQwMmYwZThmNzFl.G
[36m20-09-24 22:27:44[0;39m [35m INFO[0;39m [33m[nio-8060-exec-1][0;39m [32m19724[0;39m [35mOWQxNzA0YTUtMzFlZC00NzI2LWEyZGUtMTQwMmYwZThmNzFl.G[0;39m [34mGET[0;39m [           com.example.board.Interceptor:18] - hoho : null
[36m20-09-24 22:27:49[0;39m [35m INFO[0;39m [33m[nio-8060-exec-2][0;39m [32m19724[0;39m [35m                                                 -[0;39m [34m[0;39m [           com.example.board.Interceptor:18] - hoho : null
[36m20-09-24 22:27:58[0;39m [35m INFO[0;39m [33m[nio-8060-exec-3][0;39m [32m19724[0;39m [35m                                                 -[0;39m [34m[0;39m [    com.example.board.ProxyRequestFilter:33] - RequestId is Empty. generate new RequestId(YjQ5MGUxNjQtZjEwYS00MGUyLWE5MDctZmNjMjUyYjRkNmM3.G)
[36m20-09-24 22:27:58[0;39m [35m INFO[0;39m [33m[nio-8060-exec-3][0;39m [32m19724[0;39m [35m                                                 -[0;39m [34m[0;39m [    com.example.board.ProxyRequestFilter:35] - Put requestId(MDC) : YjQ5MGUxNjQtZjEwYS00MGUyLWE5MDctZmNjMjUyYjRkNmM3.G
[36m20-09-24 22:27:58[0;39m [35m INFO[0;39m [33m[nio-8060-exec-3][0;39m [32m19724[0;39m [35mYjQ5MGUxNjQtZjEwYS00MGUyLWE5MDctZmNjMjUyYjRkNmM3.G[0;39m [34mGET[0;39m [           com.example.board.Interceptor:18] - hoho : null
[36m20-09-24 22:27:58[0;39m [35m INFO[0;39m [33m[nio-8060-exec-4][0;39m [32m19724[0;39m [35m                                                 -[0;39m [34m[0;39m [    com.example.board.ProxyRequestFilter:33] - RequestId is Empty. generate new RequestId(MjkyZGNmOTEtNmQyZC00NzYyLWJhYTAtNDFhOTg2YzczYjY0.G)
[36m20-09-24 22:27:58[0;39m [35m INFO[0;39m [33m[nio-8060-exec-4][0;39m [32m19724[0;39m [35m                                                 -[0;39m [34m[0;39m [    com.example.board.ProxyRequestFilter:35] - Put requestId(MDC) : MjkyZGNmOTEtNmQyZC00NzYyLWJhYTAtNDFhOTg2YzczYjY0.G
[36m20-09-24 22:27:58[0;39m [35m INFO[0;39m [33m[nio-8060-exec-4][0;39m [32m19724[0;39m [35mMjkyZGNmOTEtNmQyZC00NzYyLWJhYTAtNDFhOTg2YzczYjY0.G[0;39m [34mGET[0;39m [           com.example.board.Interceptor:18] - hoho : null
[36m20-09-24 22:28:02[0;39m [35m INFO[0;39m [33m[nio-8060-exec-6][0;39m [32m19724[0;39m [35m                                                 -[0;39m [34m[0;39m [    com.example.board.ProxyRequestFilter:33] - RequestId is Empty. generate new RequestId(MzU0NzBlYjYtZWU2Zi00YWY1LThkMWYtNGRhMGM5YzVmOTE3.G)
[36m20-09-24 22:28:02[0;39m [35m INFO[0;39m [33m[nio-8060-exec-6][0;39m [32m19724[0;39m [35m                                                 -[0;39m [34m[0;39m [    com.example.board.ProxyRequestFilter:35] - Put requestId(MDC) : MzU0NzBlYjYtZWU2Zi00YWY1LThkMWYtNGRhMGM5YzVmOTE3.G
[36m20-09-24 22:28:02[0;39m [35m INFO[0;39m [33m[nio-8060-exec-6][0;39m [32m19724[0;39m [35mMzU0NzBlYjYtZWU2Zi00YWY1LThkMWYtNGRhMGM5YzVmOTE3.G[0;39m [34mGET[0;39m [           com.example.board.Interceptor:18] - hoho : null
[36m20-09-24 22:28:02[0;39m [35m INFO[0;39m [33m[nio-8060-exec-7][0;39m [32m19724[0;39m [35m                                                 -[0;39m [34m[0;39m [    com.example.board.ProxyRequestFilter:33] - RequestId is Empty. generate new RequestId(NDk0ZjJmOTgtYTBlYi00ZGFiLWI1MTgtM2Y0YTU3OTkxOWI1.G)
[36m20-09-24 22:28:02[0;39m [35m INFO[0;39m [33m[nio-8060-exec-7][0;39m [32m19724[0;39m [35m                                                 -[0;39m [34m[0;39m [    com.example.board.ProxyRequestFilter:35] - Put requestId(MDC) : NDk0ZjJmOTgtYTBlYi00ZGFiLWI1MTgtM2Y0YTU3OTkxOWI1.G
[36m20-09-24 22:28:02[0;39m [35m INFO[0;39m [33m[nio-8060-exec-7][0;39m [32m19724[0;39m [35mNDk0ZjJmOTgtYTBlYi00ZGFiLWI1MTgtM2Y0YTU3OTkxOWI1.G[0;39m [34mGET[0;39m [           com.example.board.Interceptor:18] - hoho : null
[36m20-09-24 22:28:03[0;39m [35m INFO[0;39m [33m[io-8060-exec-10][0;39m [32m19724[0;39m [35m                                                 -[0;39m [34m[0;39m [    com.example.board.ProxyRequestFilter:33] - RequestId is Empty. generate new RequestId(ZWIxMjliYzYtMDU1My00ODdmLTk0ZjMtNDIyYWJlMjg4ZjEy.G)
[36m20-09-24 22:28:03[0;39m [35m INFO[0;39m [33m[io-8060-exec-10][0;39m [32m19724[0;39m [35m                                                 -[0;39m [34m[0;39m [    com.example.board.ProxyRequestFilter:35] - Put requestId(MDC) : ZWIxMjliYzYtMDU1My00ODdmLTk0ZjMtNDIyYWJlMjg4ZjEy.G
[36m20-09-24 22:28:03[0;39m [35m INFO[0;39m [33m[io-8060-exec-10][0;39m [32m19724[0;39m [35mZWIxMjliYzYtMDU1My00ODdmLTk0ZjMtNDIyYWJlMjg4ZjEy.G[0;39m [34mGET[0;39m [           com.example.board.Interceptor:18] - hoho : null
[36m20-09-24 22:28:03[0;39m [35m INFO[0;39m [33m[nio-8060-exec-1][0;39m [32m19724[0;39m [35m                                                 -[0;39m [34m[0;39m [    com.example.board.ProxyRequestFilter:33] - RequestId is Empty. generate new RequestId(YjFiOTE2ZjctMDEwNi00ZTI4LThiNTAtZGQyYWU3MzcxOTY2.G)
[36m20-09-24 22:28:03[0;39m [35m INFO[0;39m [33m[nio-8060-exec-1][0;39m [32m19724[0;39m [35m                                                 -[0;39m [34m[0;39m [    com.example.board.ProxyRequestFilter:35] - Put requestId(MDC) : YjFiOTE2ZjctMDEwNi00ZTI4LThiNTAtZGQyYWU3MzcxOTY2.G
[36m20-09-24 22:28:03[0;39m [35m INFO[0;39m [33m[nio-8060-exec-1][0;39m [32m19724[0;39m [35mYjFiOTE2ZjctMDEwNi00ZTI4LThiNTAtZGQyYWU3MzcxOTY2.G[0;39m [34mGET[0;39m [           com.example.board.Interceptor:18] - hoho : null
[36m20-09-24 22:28:05[0;39m [35m INFO[0;39m [33m[nio-8060-exec-2][0;39m [32m19724[0;39m [35m                                                 -[0;39m [34m[0;39m [    com.example.board.ProxyRequestFilter:33] - RequestId is Empty. generate new RequestId(ZGJiY2I0NTgtYTk2Yi00NDViLWE5MjMtN2M4M2JkYTQ1ZjNh.G)
[36m20-09-24 22:28:05[0;39m [35m INFO[0;39m [33m[nio-8060-exec-2][0;39m [32m19724[0;39m [35m                                                 -[0;39m [34m[0;39m [    com.example.board.ProxyRequestFilter:35] - Put requestId(MDC) : ZGJiY2I0NTgtYTk2Yi00NDViLWE5MjMtN2M4M2JkYTQ1ZjNh.G
[36m20-09-24 22:28:05[0;39m [35m INFO[0;39m [33m[nio-8060-exec-2][0;39m [32m19724[0;39m [35mZGJiY2I0NTgtYTk2Yi00NDViLWE5MjMtN2M4M2JkYTQ1ZjNh.G[0;39m [34mGET[0;39m [           com.example.board.Interceptor:18] - hoho : null
[36m20-09-24 22:28:05[0;39m [35m INFO[0;39m [33m[nio-8060-exec-3][0;39m [32m19724[0;39m [35m                                                 -[0;39m [34m[0;39m [    com.example.board.ProxyRequestFilter:33] - RequestId is Empty. generate new RequestId(MDBiNGI0MTQtM2RjNy00NmZhLWI1NDEtN2FmODUyZGI0OTA5.G)
[36m20-09-24 22:28:05[0;39m [35m INFO[0;39m [33m[nio-8060-exec-3][0;39m [32m19724[0;39m [35m                                                 -[0;39m [34m[0;39m [    com.example.board.ProxyRequestFilter:35] - Put requestId(MDC) : MDBiNGI0MTQtM2RjNy00NmZhLWI1NDEtN2FmODUyZGI0OTA5.G
[36m20-09-24 22:28:05[0;39m [35m INFO[0;39m [33m[nio-8060-exec-3][0;39m [32m19724[0;39m [35mMDBiNGI0MTQtM2RjNy00NmZhLWI1NDEtN2FmODUyZGI0OTA5.G[0;39m [34mGET[0;39m [           com.example.board.Interceptor:18] - hoho : null
[36m20-09-24 22:28:08[0;39m [35m INFO[0;39m [33m[nio-8060-exec-4][0;39m [32m19724[0;39m [35m                                                 -[0;39m [34m[0;39m [           com.example.board.Interceptor:18] - hoho : null
[36m20-09-24 22:28:49[0;39m [35m INFO[0;39m [33m[  restartedMain][0;39m [32m16912[0;39m [35m                                                 -[0;39m [34m[0;39m [      com.example.board.BoardApplication:55] - Starting BoardApplication on AL01578999 with PID 16912 (C:\Users\NHN\Documents\board\target\classes started by NHN in C:\Users\NHN\Documents\board)
[36m20-09-24 22:28:49[0;39m [35m INFO[0;39m [33m[  restartedMain][0;39m [32m16912[0;39m [35m                                                 -[0;39m [34m[0;39m [      com.example.board.BoardApplication:655] - The following profiles are active: oauth,real,real-db
[36m20-09-24 22:28:49[0;39m [35m INFO[0;39m [33m[  restartedMain][0;39m [32m16912[0;39m [35m                                                 -[0;39m [34m[0;39m [.e.DevToolsPropertyDefaultsPostProcessor:225] - Devtools property defaults active! Set 'spring.devtools.add-properties' to 'false' to disable
[36m20-09-24 22:28:49[0;39m [35m INFO[0;39m [33m[  restartedMain][0;39m [32m16912[0;39m [35m                                                 -[0;39m [34m[0;39m [.e.DevToolsPropertyDefaultsPostProcessor:225] - For additional web related logging consider setting the 'logging.level.web' property to 'DEBUG'
[36m20-09-24 22:28:50[0;39m [35m INFO[0;39m [33m[  restartedMain][0;39m [32m16912[0;39m [35m                                                 -[0;39m [34m[0;39m [.s.d.r.c.RepositoryConfigurationDelegate:127] - Bootstrapping Spring Data JPA repositories in DEFERRED mode.
[36m20-09-24 22:28:50[0;39m [35m INFO[0;39m [33m[  restartedMain][0;39m [32m16912[0;39m [35m                                                 -[0;39m [34m[0;39m [.s.d.r.c.RepositoryConfigurationDelegate:187] - Finished Spring Data repository scanning in 48ms. Found 2 JPA repository interfaces.
[36m20-09-24 22:28:51[0;39m [35m INFO[0;39m [33m[  restartedMain][0;39m [32m16912[0;39m [35m                                                 -[0;39m [34m[0;39m [ o.s.b.w.embedded.tomcat.TomcatWebServer:108] - Tomcat initialized with port(s): 8060 (http)
[36m20-09-24 22:28:51[0;39m [35m INFO[0;39m [33m[  restartedMain][0;39m [32m16912[0;39m [35m                                                 -[0;39m [34m[0;39m [     o.a.coyote.http11.Http11NioProtocol:173] - Initializing ProtocolHandler ["http-nio-8060"]
[36m20-09-24 22:28:51[0;39m [35m INFO[0;39m [33m[  restartedMain][0;39m [32m16912[0;39m [35m                                                 -[0;39m [34m[0;39m [  o.apache.catalina.core.StandardService:173] - Starting service [Tomcat]
[36m20-09-24 22:28:51[0;39m [35m INFO[0;39m [33m[  restartedMain][0;39m [32m16912[0;39m [35m                                                 -[0;39m [34m[0;39m [ org.apache.catalina.core.StandardEngine:173] - Starting Servlet engine: [Apache Tomcat/9.0.37]
[36m20-09-24 22:28:51[0;39m [35m INFO[0;39m [33m[  restartedMain][0;39m [32m16912[0;39m [35m                                                 -[0;39m [34m[0;39m [      o.a.c.c.C.[Tomcat].[localhost].[/]:173] - Initializing Spring embedded WebApplicationContext
[36m20-09-24 22:28:51[0;39m [35m INFO[0;39m [33m[  restartedMain][0;39m [32m16912[0;39m [35m                                                 -[0;39m [34m[0;39m [w.s.c.ServletWebServerApplicationContext:285] - Root WebApplicationContext: initialization completed in 1378 ms
[36m20-09-24 22:28:51[0;39m [35m INFO[0;39m [33m[  restartedMain][0;39m [32m16912[0;39m [35m                                                 -[0;39m [34m[0;39m [      com.zaxxer.hikari.HikariDataSource:110] - HikariPool-1 - Starting...
[36m20-09-24 22:28:51[0;39m [35m INFO[0;39m [33m[  restartedMain][0;39m [32m16912[0;39m [35m                                                 -[0;39m [34m[0;39m [      com.zaxxer.hikari.HikariDataSource:123] - HikariPool-1 - Start completed.
[36m20-09-24 22:28:51[0;39m [35m INFO[0;39m [33m[  restartedMain][0;39m [32m16912[0;39m [35m                                                 -[0;39m [34m[0;39m [   o.s.b.a.h2.H2ConsoleAutoConfiguration:74] - H2 console available at '/h2-console'. Database available at 'jdbc:mariadb://freelec-board-12.cerng6shgt9g.ap-northeast-2.rds.amazonaws.com:3306/freelec_board_12'
[36m20-09-24 22:28:51[0;39m [35m INFO[0;39m [33m[  restartedMain][0;39m [32m16912[0;39m [35m                                                 -[0;39m [34m[0;39m [ o.s.s.concurrent.ThreadPoolTaskExecutor:181] - Initializing ExecutorService 'applicationTaskExecutor'
[36m20-09-24 22:28:51[0;39m [35m INFO[0;39m [33m[         task-1][0;39m [32m16912[0;39m [35m                                                 -[0;39m [34m[0;39m [ o.hibernate.jpa.internal.util.LogHelper:31] - HHH000204: Processing PersistenceUnitInfo [name: default]
[36m20-09-24 22:28:52[0;39m [35m INFO[0;39m [33m[         task-1][0;39m [32m16912[0;39m [35m                                                 -[0;39m [34m[0;39m [                   org.hibernate.Version:44] - HHH000412: Hibernate ORM core version 5.4.20.Final
[36m20-09-24 22:28:52[0;39m [35m INFO[0;39m [33m[         task-1][0;39m [32m16912[0;39m [35m                                                 -[0;39m [34m[0;39m [  o.hibernate.annotations.common.Version:49] - HCANN000001: Hibernate Commons Annotations {5.1.0.Final}
[36m20-09-24 22:28:52[0;39m [35m INFO[0;39m [33m[         task-1][0;39m [32m16912[0;39m [35m                                                 -[0;39m [34m[0;39m [           org.hibernate.dialect.Dialect:170] - HHH000400: Using dialect: org.hibernate.dialect.MySQL5InnoDBDialect
[36m20-09-24 22:28:52[0;39m [35m INFO[0;39m [33m[         task-1][0;39m [32m16912[0;39m [35m                                                 -[0;39m [34m[0;39m [      o.h.e.t.j.p.i.JtaPlatformInitiator:52] - HHH000490: Using JtaPlatform implementation: [org.hibernate.engine.transaction.jta.platform.internal.NoJtaPlatform]
[36m20-09-24 22:28:52[0;39m [35m INFO[0;39m [33m[         task-1][0;39m [32m16912[0;39m [35m                                                 -[0;39m [34m[0;39m [j.LocalContainerEntityManagerFactoryBean:416] - Initialized JPA EntityManagerFactory for persistence unit 'default'
[36m20-09-24 22:28:52[0;39m [35m INFO[0;39m [33m[  restartedMain][0;39m [32m16912[0;39m [35m                                                 -[0;39m [34m[0;39m [    o.s.s.web.DefaultSecurityFilterChain:43] - Creating filter chain: any request, [org.springframework.security.web.context.request.async.WebAsyncManagerIntegrationFilter@137c687, org.springframework.security.web.context.SecurityContextPersistenceFilter@1006b6a, org.springframework.security.web.header.HeaderWriterFilter@1ab6130, org.springframework.security.web.authentication.logout.LogoutFilter@541b04, org.springframework.security.oauth2.client.web.OAuth2AuthorizationRequestRedirectFilter@1e78b8d, org.springframework.security.oauth2.client.web.OAuth2LoginAuthenticationFilter@10a7119, org.springframework.security.web.authentication.ui.DefaultLoginPageGeneratingFilter@1284d38, org.springframework.security.web.authentication.ui.DefaultLogoutPageGeneratingFilter@de228, org.springframework.security.web.savedrequest.RequestCacheAwareFilter@902bc, org.springframework.security.web.servletapi.SecurityContextHolderAwareRequestFilter@19c7886, org.springframework.security.web.authentication.AnonymousAuthenticationFilter@158d5f2, org.springframework.security.web.session.SessionManagementFilter@13329a4, org.springframework.security.web.access.ExceptionTranslationFilter@1cd1b40, org.springframework.security.web.access.intercept.FilterSecurityInterceptor@f31174]
[36m20-09-24 22:28:52[0;39m [35m INFO[0;39m [33m[  restartedMain][0;39m [32m16912[0;39m [35m                                                 -[0;39m [34m[0;39m [   o.s.b.a.w.s.WelcomePageHandlerMapping:58] - Adding welcome page template: index
[36m20-09-24 22:28:53[0;39m [35m INFO[0;39m [33m[  restartedMain][0;39m [32m16912[0;39m [35m                                                 -[0;39m [34m[0;39m [      o.s.b.d.a.OptionalLiveReloadServer:58] - LiveReload server is running on port 35729
[36m20-09-24 22:28:53[0;39m [35m INFO[0;39m [33m[  restartedMain][0;39m [32m16912[0;39m [35m                                                 -[0;39m [34m[0;39m [     o.a.coyote.http11.Http11NioProtocol:173] - Starting ProtocolHandler ["http-nio-8060"]
[36m20-09-24 22:28:53[0;39m [35m INFO[0;39m [33m[  restartedMain][0;39m [32m16912[0;39m [35m                                                 -[0;39m [34m[0;39m [ o.s.b.w.embedded.tomcat.TomcatWebServer:220] - Tomcat started on port(s): 8060 (http) with context path ''
[36m20-09-24 22:28:53[0;39m [35m INFO[0;39m [33m[  restartedMain][0;39m [32m16912[0;39m [35m                                                 -[0;39m [34m[0;39m [DeferredRepositoryInitializationListener:49] - Triggering deferred initialization of Spring Data repositories…
[36m20-09-24 22:28:53[0;39m [35m INFO[0;39m [33m[  restartedMain][0;39m [32m16912[0;39m [35m                                                 -[0;39m [34m[0;39m [DeferredRepositoryInitializationListener:53] - Spring Data repositories initialized!
[36m20-09-24 22:28:53[0;39m [35m INFO[0;39m [33m[  restartedMain][0;39m [32m16912[0;39m [35m                                                 -[0;39m [34m[0;39m [s.a.ScheduledAnnotationBeanPostProcessor:309] - No TaskScheduler/ScheduledExecutorService bean found for scheduled processing
[36m20-09-24 22:28:53[0;39m [35m INFO[0;39m [33m[  restartedMain][0;39m [32m16912[0;39m [35m                                                 -[0;39m [34m[0;39m [      com.example.board.BoardApplication:61] - Started BoardApplication in 3.756 seconds (JVM running for 5.561)
[36m20-09-24 22:29:00[0;39m [35m INFO[0;39m [33m[nio-8060-exec-1][0;39m [32m16912[0;39m [35m                                                 -[0;39m [34m[0;39m [      o.a.c.c.C.[Tomcat].[localhost].[/]:173] - Initializing Spring DispatcherServlet 'dispatcherServlet'
[36m20-09-24 22:29:00[0;39m [35m INFO[0;39m [33m[nio-8060-exec-1][0;39m [32m16912[0;39m [35m                                                 -[0;39m [34m[0;39m [       o.s.web.servlet.DispatcherServlet:525] - Initializing Servlet 'dispatcherServlet'
[36m20-09-24 22:29:00[0;39m [35m INFO[0;39m [33m[nio-8060-exec-1][0;39m [32m16912[0;39m [35m                                                 -[0;39m [34m[0;39m [       o.s.web.servlet.DispatcherServlet:547] - Completed initialization in 3 ms
[36m20-09-24 22:29:01[0;39m [35m INFO[0;39m [33m[nio-8060-exec-1][0;39m [32m16912[0;39m [35m                                                 -[0;39m [34m[0;39m [    com.example.board.ProxyRequestFilter:33] - RequestId is Empty. generate new RequestId(ZjdmMmI4MGQtNmRlOC00ZWM2LThhNTUtYmEzMDFmYjZjYWI3.G)
[36m20-09-24 22:29:01[0;39m [35m INFO[0;39m [33m[nio-8060-exec-1][0;39m [32m16912[0;39m [35m                                                 -[0;39m [34m[0;39m [    com.example.board.ProxyRequestFilter:35] - Put requestId(MDC) : ZjdmMmI4MGQtNmRlOC00ZWM2LThhNTUtYmEzMDFmYjZjYWI3.G
[36m20-09-24 22:29:01[0;39m [35m INFO[0;39m [33m[nio-8060-exec-1][0;39m [32m16912[0;39m [35mZjdmMmI4MGQtNmRlOC00ZWM2LThhNTUtYmEzMDFmYjZjYWI3.G[0;39m [34mGET[0;39m [           com.example.board.Interceptor:18] - hoho : null
[36m20-09-24 22:29:01[0;39m [35m INFO[0;39m [33m[nio-8060-exec-2][0;39m [32m16912[0;39m [35m                                                 -[0;39m [34m[0;39m [    com.example.board.ProxyRequestFilter:33] - RequestId is Empty. generate new RequestId(NDRjMWFlYWItMjg3Yy00NzY5LWE4ZWYtMGY5ZWQwYmYyOGYw.G)
[36m20-09-24 22:29:01[0;39m [35m INFO[0;39m [33m[nio-8060-exec-2][0;39m [32m16912[0;39m [35m                                                 -[0;39m [34m[0;39m [    com.example.board.ProxyRequestFilter:35] - Put requestId(MDC) : NDRjMWFlYWItMjg3Yy00NzY5LWE4ZWYtMGY5ZWQwYmYyOGYw.G
[36m20-09-24 22:29:01[0;39m [35m INFO[0;39m [33m[nio-8060-exec-2][0;39m [32m16912[0;39m [35mNDRjMWFlYWItMjg3Yy00NzY5LWE4ZWYtMGY5ZWQwYmYyOGYw.G[0;39m [34mGET[0;39m [           com.example.board.Interceptor:18] - hoho : null
